DEXSeq-ing pair adiposetissue_aorta
DEXSeq-ing pair adiposetissue_mesodermalcell
DEXSeq-ing pair adiposetissue_mesenchymalstemcell
DEXSeq-ing pair adiposetissue_endodermalcell
DEXSeq-ing pair adiposetissue_mesendoderm
DEXSeq-ing pair adiposetissue_esophagus
DEXSeq-ing pair adiposetissue_CD8positivealphabetaTcell
DEXSeq-ing pair adiposetissue_CD4positivealphabetaTcell
DEXSeq-ing pair adiposetissue_H1
DEXSeq-ing pair adiposetissue_neuronalstemcell
DEXSeq-ing pair adiposetissue_ectodermalcell
===> FINISHED DEXSEQ-ING ALL PAIRS IN pair_chunks/chunk_00
DEXSeq-ing pair adiposetissue_stomach
DEXSeq-ing pair adiposetissue_smallintestine
DEXSeq-ing pair aorta_CD4positivealphabetaTcell
DEXSeq-ing pair adiposetissue_psoasmuscle
DEXSeq-ing pair adiposetissue_sigmoidcolon
DEXSeq-ing pair adiposetissue_spleen
DEXSeq-ing pair adiposetissue_pancreas
DEXSeq-ing pair aorta_CD8positivealphabetaTcell
DEXSeq-ing pair aorta_endodermalcell
DEXSeq-ing pair adiposetissue_trophoblastcell
DEXSeq-ing pair aorta_ectodermalcell
===> FINISHED DEXSEQ-ING ALL PAIRS IN pair_chunks/chunk_01
DEXSeq-ing pair aorta_sigmoidcolon
DEXSeq-ing pair aorta_spleen
DEXSeq-ing pair aorta_psoasmuscle
DEXSeq-ing pair aorta_smallintestine
DEXSeq-ing pair aorta_mesodermalcell
DEXSeq-ing pair aorta_H1
DEXSeq-ing pair aorta_pancreas
DEXSeq-ing pair aorta_esophagus
DEXSeq-ing pair aorta_mesenchymalstemcell
DEXSeq-ing pair aorta_neuronalstemcell
DEXSeq-ing pair aorta_mesendoderm
===> FINISHED DEXSEQ-ING ALL PAIRS IN pair_chunks/chunk_02
DEXSeq-ing pair aorta_stomach
DEXSeq-ing pair aorta_trophoblastcell
DEXSeq-ing pair CD4positivealphabetaTcell_CD8positivealphabetaTcell
DEXSeq-ing pair CD4positivealphabetaTcell_mesenchymalstemcell
DEXSeq-ing pair CD4positivealphabetaTcell_esophagus
DEXSeq-ing pair CD4positivealphabetaTcell_mesodermalcell
DEXSeq-ing pair CD4positivealphabetaTcell_neuronalstemcell
DEXSeq-ing pair CD4positivealphabetaTcell_endodermalcell
DEXSeq-ing pair CD4positivealphabetaTcell_H1
DEXSeq-ing pair CD4positivealphabetaTcell_mesendoderm
DEXSeq-ing pair CD4positivealphabetaTcell_ectodermalcell
===> FINISHED DEXSEQ-ING ALL PAIRS IN pair_chunks/chunk_03
DEXSeq-ing pair CD4positivealphabetaTcell_spleen
DEXSeq-ing pair CD4positivealphabetaTcell_psoasmuscle
DEXSeq-ing pair CD8positivealphabetaTcell_esophagus
DEXSeq-ing pair CD4positivealphabetaTcell_pancreas
DEXSeq-ing pair CD4positivealphabetaTcell_smallintestine
DEXSeq-ing pair CD4positivealphabetaTcell_stomach
DEXSeq-ing pair CD4positivealphabetaTcell_sigmoidcolon
DEXSeq-ing pair CD8positivealphabetaTcell_endodermalcell
DEXSeq-ing pair CD4positivealphabetaTcell_trophoblastcell
DEXSeq-ing pair CD8positivealphabetaTcell_H1
DEXSeq-ing pair CD8positivealphabetaTcell_ectodermalcell
===> FINISHED DEXSEQ-ING ALL PAIRS IN pair_chunks/chunk_04
Pair CD8positivealphabetaTcell_smallintestine already exists
DEXSeq-ing pair CD8positivealphabetaTcell_psoasmuscle
DEXSeq-ing pair CD8positivealphabetaTcell_pancreas
DEXSeq-ing pair CD8positivealphabetaTcell_stomach
DEXSeq-ing pair CD8positivealphabetaTcell_mesenchymalstemcell
DEXSeq-ing pair CD8positivealphabetaTcell_spleen
DEXSeq-ing pair CD8positivealphabetaTcell_mesodermalcell
DEXSeq-ing pair CD8positivealphabetaTcell_sigmoidcolon
DEXSeq-ing pair CD8positivealphabetaTcell_neuronalstemcell
DEXSeq-ing pair CD8positivealphabetaTcell_mesendoderm
DEXSeq-ing pair CD8positivealphabetaTcell_trophoblastcell
===> FINISHED DEXSEQ-ING ALL PAIRS IN pair_chunks/chunk_05
DEXSeq-ing pair ectodermalcell_psoasmuscle
DEXSeq-ing pair ectodermalcell_endodermalcell
DEXSeq-ing pair ectodermalcell_esophagus
DEXSeq-ing pair ectodermalcell_mesenchymalstemcell
DEXSeq-ing pair ectodermalcell_neuronalstemcell
DEXSeq-ing pair ectodermalcell_mesodermalcell
DEXSeq-ing pair ectodermalcell_sigmoidcolon
DEXSeq-ing pair ectodermalcell_H1
DEXSeq-ing pair ectodermalcell_smallintestine
DEXSeq-ing pair ectodermalcell_pancreas
DEXSeq-ing pair ectodermalcell_mesendoderm
===> FINISHED DEXSEQ-ING ALL PAIRS IN pair_chunks/chunk_06
DEXSeq-ing pair endodermalcell_esophagus
DEXSeq-ing pair endodermalcell_psoasmuscle
DEXSeq-ing pair endodermalcell_mesodermalcell
DEXSeq-ing pair endodermalcell_pancreas
DEXSeq-ing pair endodermalcell_mesenchymalstemcell
DEXSeq-ing pair endodermalcell_neuronalstemcell
DEXSeq-ing pair endodermalcell_H1
DEXSeq-ing pair endodermalcell_mesendoderm
DEXSeq-ing pair ectodermalcell_stomach
DEXSeq-ing pair ectodermalcell_spleen
DEXSeq-ing pair ectodermalcell_trophoblastcell
===> FINISHED DEXSEQ-ING ALL PAIRS IN pair_chunks/chunk_07
DEXSeq-ing pair endodermalcell_stomach
DEXSeq-ing pair esophagus_mesenchymalstemcell
DEXSeq-ing pair esophagus_mesodermalcell
DEXSeq-ing pair esophagus_pancreas
DEXSeq-ing pair esophagus_H1
DEXSeq-ing pair esophagus_mesendoderm
DEXSeq-ing pair endodermalcell_spleen
DEXSeq-ing pair esophagus_neuronalstemcell
DEXSeq-ing pair endodermalcell_sigmoidcolon
DEXSeq-ing pair endodermalcell_trophoblastcell
DEXSeq-ing pair endodermalcell_smallintestine
===> FINISHED DEXSEQ-ING ALL PAIRS IN pair_chunks/chunk_08
DEXSeq-ing pair H1_neuronalstemcell
DEXSeq-ing pair H1_mesodermalcell
DEXSeq-ing pair esophagus_psoasmuscle
DEXSeq-ing pair esophagus_stomach
DEXSeq-ing pair esophagus_smallintestine
DEXSeq-ing pair esophagus_sigmoidcolon
DEXSeq-ing pair esophagus_spleen
DEXSeq-ing pair esophagus_trophoblastcell
DEXSeq-ing pair H1_mesendoderm
DEXSeq-ing pair H1_pancreas
DEXSeq-ing pair H1_mesenchymalstemcell
===> FINISHED DEXSEQ-ING ALL PAIRS IN pair_chunks/chunk_09
DEXSeq-ing pair H1_smallintestine
DEXSeq-ing pair mesenchymalstemcell_psoasmuscle
DEXSeq-ing pair H1_stomach
DEXSeq-ing pair H1_sigmoidcolon
DEXSeq-ing pair H1_psoasmuscle
DEXSeq-ing pair mesenchymalstemcell_mesodermalcell
DEXSeq-ing pair mesenchymalstemcell_pancreas
DEXSeq-ing pair mesenchymalstemcell_neuronalstemcell
DEXSeq-ing pair H1_spleen
DEXSeq-ing pair mesenchymalstemcell_mesendoderm
DEXSeq-ing pair H1_trophoblastcell
===> FINISHED DEXSEQ-ING ALL PAIRS IN pair_chunks/chunk_10
DEXSeq-ing pair mesenchymalstemcell_spleen
DEXSeq-ing pair mesenchymalstemcell_smallintestine
DEXSeq-ing pair mesendoderm_psoasmuscle
DEXSeq-ing pair mesenchymalstemcell_stomach
DEXSeq-ing pair mesenchymalstemcell_sigmoidcolon
DEXSeq-ing pair mesenchymalstemcell_trophoblastcell
DEXSeq-ing pair mesendoderm_mesodermalcell
DEXSeq-ing pair mesendoderm_pancreas
DEXSeq-ing pair mesendoderm_neuronalstemcell
DEXSeq-ing pair mesendoderm_smallintestine
DEXSeq-ing pair mesendoderm_sigmoidcolon
===> FINISHED DEXSEQ-ING ALL PAIRS IN pair_chunks/chunk_11
DEXSeq-ing pair mesodermalcell_pancreas
DEXSeq-ing pair mesodermalcell_psoasmuscle
DEXSeq-ing pair mesodermalcell_spleen
DEXSeq-ing pair mesodermalcell_sigmoidcolon
DEXSeq-ing pair mesodermalcell_smallintestine
DEXSeq-ing pair mesodermalcell_stomach
DEXSeq-ing pair mesodermalcell_trophoblastcell
DEXSeq-ing pair mesodermalcell_neuronalstemcell
DEXSeq-ing pair mesendoderm_spleen
DEXSeq-ing pair mesendoderm_trophoblastcell
DEXSeq-ing pair mesendoderm_stomach
===> FINISHED DEXSEQ-ING ALL PAIRS IN pair_chunks/chunk_12
DEXSeq-ing pair pancreas_spleen
DEXSeq-ing pair pancreas_sigmoidcolon
DEXSeq-ing pair pancreas_smallintestine
DEXSeq-ing pair pancreas_psoasmuscle
DEXSeq-ing pair neuronalstemcell_psoasmuscle
DEXSeq-ing pair neuronalstemcell_trophoblastcell
DEXSeq-ing pair neuronalstemcell_stomach
DEXSeq-ing pair neuronalstemcell_pancreas
DEXSeq-ing pair neuronalstemcell_spleen
DEXSeq-ing pair neuronalstemcell_smallintestine
DEXSeq-ing pair neuronalstemcell_sigmoidcolon
===> FINISHED DEXSEQ-ING ALL PAIRS IN pair_chunks/chunk_13
DEXSeq-ing pair pancreas_trophoblastcell
DEXSeq-ing pair sigmoidcolon_trophoblastcell
DEXSeq-ing pair sigmoidcolon_smallintestine
DEXSeq-ing pair sigmoidcolon_stomach
DEXSeq-ing pair psoasmuscle_smallintestine
DEXSeq-ing pair sigmoidcolon_spleen
DEXSeq-ing pair psoasmuscle_sigmoidcolon
DEXSeq-ing pair psoasmuscle_stomach
DEXSeq-ing pair pancreas_stomach
DEXSeq-ing pair psoasmuscle_spleen
DEXSeq-ing pair psoasmuscle_trophoblastcell
===> FINISHED DEXSEQ-ING ALL PAIRS IN pair_chunks/chunk_14
DEXSeq-ing pair spleen_trophoblastcell
DEXSeq-ing pair smallintestine_stomach
DEXSeq-ing pair smallintestine_trophoblastcell
DEXSeq-ing pair smallintestine_spleen
DEXSeq-ing pair spleen_stomach
DEXSeq-ing pair stomach_trophoblastcell
===> FINISHED DEXSEQ-ING ALL PAIRS IN pair_chunks/chunk_15
