Start Time: Tue Sep  1 15:02:40 CEST 2020
Annotating pair H1 and cardiacmusclecell
Annotating pair H1 and neuralcell
Annotating pair keratinocyte and H1
Annotating pair keratinocyte and cardiacmusclecell
Annotating pair H1 and neuralprogenitorcell
Annotating pair H1 and skeletalmusclemyoblast
Annotating pair keratinocyte and neuralprogenitorcell
Annotating pair keratinocyte and skeletalmusclemyoblast
Annotating pair keratinocyte and neuralcell
Annotating pair keratinocyte and spleen
Annotating pair keratinocyte and spleen2016
Annotating pair mesenchymalstemcell and cardiacmusclecell
Annotating pair mesenchymalstemcell and neuralprogenitorcell
Annotating pair mesenchymalstemcell and H1
End Time: Tue Sep  1 15:02:43 CEST 2020
Annotating pair mesenchymalstemcell and neuralcell
Annotating pair mesenchymalstemcell and keratinocyte
Annotating pair mesenchymalstemcell and spleen
Annotating pair mesenchymalstemcell and spleen2016
Annotating pair mesenchymalstemcell and skeletalmusclemyoblast
Annotating pair skeletalmusclemyoblast and neuralcell
Annotating pair neuralcell and cardiacmusclecell
Annotating pair neuralcell and neuralprogenitorcell
Annotating pair spleen2016 and cardiacmusclecell
Annotating pair spleen2016 and neuralprogenitorcell
Annotating pair neuralprogenitorcell and cardiacmusclecell
Annotating pair skeletalmusclemyoblast and neuralprogenitorcell
Annotating pair skeletalmusclemyoblast and cardiacmusclecell
Annotating pair spleen2016 and H1
Annotating pair spleen2016 and skeletalmusclemyoblast
Annotating pair spleen2016 and neuralcell
Annotating pair spleen and neuralcell
Annotating pair spleen and cardiacmusclecell
Annotating pair spleen and neuralprogenitorcell
Annotating pair spleen and H1
Annotating pair spleen and spleen2016
Annotating pair spleen and skeletalmusclemyoblast
Annotating pair keratinocyte and spleen
Annotating pair keratinocyte and skeletalmusclemyoblast
Annotating pair keratinocyte and cardiacmusclecell
Annotating pair keratinocyte and neuralprogenitorcell
Annotating pair mesenchymalstemcell and keratinocyte
Annotating pair keratinocyte and H1
Annotating pair mesenchymalstemcell and neuralcell
Annotating pair spleen and neuralprogenitorcell
Annotating pair skeletalmusclemyoblast and neuralprogenitorcell
Annotating pair mesenchymalstemcell and cardiacmusclecell
Annotating pair keratinocyte and spleen2016
Annotating pair spleen and H1
Annotating pair skeletalmusclemyoblast and cardiacmusclecell
Annotating pair H1 and neuralcell
Annotating pair spleen and spleen2016
Annotating pair H1 and cardiacmusclecell
Annotating pair skeletalmusclemyoblast and neuralcell
Annotating pair spleen2016 and neuralcell
Annotating pair neuralprogenitorcell and cardiacmusclecell
Annotating pair neuralcell and neuralprogenitorcell
Annotating pair spleen2016 and cardiacmusclecell
Annotating pair H1 and neuralprogenitorcell
Annotating pair spleen and cardiacmusclecell
Annotating pair H1 and skeletalmusclemyoblast
Annotating pair spleen and skeletalmusclemyoblast
Annotating pair spleen2016 and neuralprogenitorcell
Annotating pair neuralcell and cardiacmusclecell
Annotating pair spleen2016 and skeletalmusclemyoblast
Annotating pair keratinocyte and neuralcell
Annotating pair mesenchymalstemcell and spleen
Annotating pair mesenchymalstemcell and H1
Annotating pair mesenchymalstemcell and neuralprogenitorcell
Annotating pair mesenchymalstemcell and spleen2016
Annotating pair mesenchymalstemcell and skeletalmusclemyoblast
Annotating pair spleen2016 and H1
Annotating pair spleen and neuralcell
